<?xml version="1.0" encoding="UTF-8"?>
<!-- Generated by org.testng.reporters.JUnitReportReporter -->
<testsuite hostname="ngawangs10" failures="0" tests="4" name="toyota.tdd.test.auto.BuildPriceTest" time="46.129" errors="0" timestamp="2023-02-25T19:47:59 GMT-05:00" skipped="3">
  <testcase classname="toyota.tdd.test.auto.BuildPriceTest" name="buldAndPriceTest" time="46.129"/>
  <system-out>
    <![CDATA[Validating --> Actual : ***Explore All Vehicles***. Expected: ***Explore All Vehicles ***<br>
Validating --> Actual : ***SET YOUR LOCATION***. Expected: ***SET YOUR LOCATION ***<br>
11373 <-------- This value has been passed into -->[[ChromeDriver: chrome on WINDOWS (849ba66bcd268a6e0e1e511bef8d5999)] -> xpath: //input[@name='zipcode']]<br>
Proxy element for: DefaultElementLocator 'By.xpath: //button[normalize-space(text())='Submit']'--> has been clicked<br>
Validating --> Actual : ***Build Your Toyota***. Expected: ***Build Your Toyota ***<br>
Proxy element for: DefaultElementLocator 'By.xpath: //div[@data-aa-link-text='build 2023 camry']//following-sibling::div[@data-aa-link-text='build 2022 camryhybrid']//following-sibling::div[@data-aa-link-text='build 2023 camryhybrid']'--> has been clicked<br>
Validating --> Actual : ***2023 Camry LE Hybrid***. Expected: ***2023 Camry LE Hybrid ***<br>
[[ChromeDriver: chrome on WINDOWS (849ba66bcd268a6e0e1e511bef8d5999)] -> xpath: //button[@class='tcom-step-button next button primary']]--> has been clicked<br>
[[ChromeDriver: chrome on WINDOWS (849ba66bcd268a6e0e1e511bef8d5999)] -> xpath: //button[@class='tcom-step-button next button primary']]--> has been clicked<br>
[[ChromeDriver: chrome on WINDOWS (849ba66bcd268a6e0e1e511bef8d5999)] -> xpath: //button[@class='tcom-step-button next button primary']]--> has been clicked<br>
[[ChromeDriver: chrome on WINDOWS (849ba66bcd268a6e0e1e511bef8d5999)] -> xpath: //button[@class='tcom-step-button next button primary']]--> has been clicked<br>
[[ChromeDriver: chrome on WINDOWS (849ba66bcd268a6e0e1e511bef8d5999)] -> xpath: //button[@class='tcom-step-button next button primary']]--> has been clicked<br>
[[ChromeDriver: chrome on WINDOWS (849ba66bcd268a6e0e1e511bef8d5999)] -> css selector: .tcom-raq-cta.button.primary.raq-modal-cta.button-01]--> has been clicked<br>]]>
  </system-out>
  <testcase classname="toyota.tdd.test.auto.BuildPriceTest" name="test01">
    <skipped/>
  </testcase> <!-- test01 -->
  <system-out/>
  <testcase classname="toyota.tdd.test.auto.BuildPriceTest" name="testRetry">
    <skipped/>
  </testcase> <!-- testRetry -->
  <system-out/>
  <testcase classname="toyota.tdd.test.auto.BuildPriceTest" name="test02">
    <skipped/>
  </testcase> <!-- test02 -->
  <system-out/>
</testsuite> <!-- toyota.tdd.test.auto.BuildPriceTest -->
