<?xml version="1.0" encoding="UTF-8"?>
<!-- Generated by org.testng.reporters.JUnitReportReporter -->
<testsuite hostname="ngawangs10" failures="0" tests="1" name="toyota.tdd.test.auto.BuildPriceTest" time="23.703" errors="0" timestamp="2023-01-30T21:13:00 GMT-05:00" skipped="0">
  <testcase classname="toyota.tdd.test.auto.BuildPriceTest" name="buldAndPriceTest" time="23.703"/>
  <system-out>
    <![CDATA[Validating --> Actual : ***Explore All Vehicles***. Expected: ***Explore All Vehicles ***<br>
Proxy element for: DefaultElementLocator 'By.xpath: //img[@alt='Build & Price']'--> has been clicked<br>]]>
  </system-out>
</testsuite> <!-- toyota.tdd.test.auto.BuildPriceTest -->
