<?xml version="1.0" encoding="UTF-8"?>
<!-- Generated by org.testng.reporters.JUnitReportReporter -->
<testsuite hostname="ngawangs10" failures="0" tests="1" name="toyota.tdd.test.auto.BuildPriceTest" time="19.491" errors="0" timestamp="2023-02-04T15:46:07 GMT-05:00" skipped="0">
  <testcase classname="toyota.tdd.test.auto.BuildPriceTest" name="buldAndPriceTest" time="19.491"/>
  <system-out>
    <![CDATA[Validating --> Actual : ***Explore All Vehicles***. Expected: ***Explore All Vehicles ***<br>
Proxy element for: DefaultElementLocator 'By.xpath: //img[@alt='Build & Price']'--> has been clicked<br>
Validating --> Actual : ***SET YOUR LOCATION***. Expected: ***SET YOUR LOCATION ***<br>
11373 <-------- This value has been passed into -->[[ChromeDriver: chrome on WINDOWS (9a0832042c421a5f4d4096b2b8ff0cd4)] -> xpath: //input[@name='zipcode']]<br>
[[ChromeDriver: chrome on WINDOWS (9a0832042c421a5f4d4096b2b8ff0cd4)] -> xpath: //button[normalize-space(text())='Submit']]--> has been clicked<br>
Validating --> Actual : ***Build Your Toyota***. Expected: ***Build Your Toyota ***<br>]]>
  </system-out>
</testsuite> <!-- toyota.tdd.test.auto.BuildPriceTest -->
