<?xml version="1.0" encoding="UTF-8"?>
<!-- Generated by org.testng.reporters.JUnitReportReporter -->
<testsuite hostname="ngawangs10" failures="0" tests="1" name="toyota.tdd.test.auto.HomePageTest" time="6.697" errors="0" timestamp="2023-01-26T00:54:08 GMT-05:00" skipped="0">
  <testcase classname="toyota.tdd.test.auto.HomePageTest" name="clickHighlander" time="6.697"/>
  <system-out/>
</testsuite> <!-- toyota.tdd.test.auto.HomePageTest -->
