<?xml version="1.0" encoding="UTF-8"?>
<!-- Generated by org.testng.reporters.JUnitReportReporter -->
<testsuite hostname="ngawangs10" failures="0" tests="1" name="toyota.tdd.test.findADealer.FindADealerTest" time="21.777" errors="0" timestamp="2023-02-04T15:46:07 GMT-05:00" skipped="0">
  <testcase classname="toyota.tdd.test.findADealer.FindADealerTest" name="createFindADealerTest" time="21.777"/>
  <system-out>
    <![CDATA[Validating --> Actual : ***Explore All Vehicles***. Expected: ***Explore All Vehicles ***<br>
Proxy element for: DefaultElementLocator 'By.xpath: //img[@data-aa-link-text='Find A Dealer']'--> has been clicked<br>
Validating --> Actual : ***SET YOUR LOCATION***. Expected: ***SET YOUR LOCATION ***<br>
11373 <-------- This value has been passed into -->[[ChromeDriver: chrome on WINDOWS (918d762fc334d92eac80abe451aeaa50)] -> xpath: //input[@name='zipcode']]<br>
[[ChromeDriver: chrome on WINDOWS (918d762fc334d92eac80abe451aeaa50)] -> xpath: //button[normalize-space(text())='Submit']]--> has been clicked<br>
Validating --> Actual : ***Find a Dealer by ZIP Code, City & State or Dealer Name***. Expected: ***Find a Dealer by ZIP Code, City & State or Dealer Name ***<br>
[[ChromeDriver: chrome on WINDOWS (918d762fc334d92eac80abe451aeaa50)] -> xpath: //button[@data-form-type='REQUEST_QUOTE']]--> has been clicked<br>]]>
  </system-out>
</testsuite> <!-- toyota.tdd.test.findADealer.FindADealerTest -->
